<?xml version="1.0" encoding="UTF-8"?>
<!-- Generated by org.testng.reporters.JUnitXMLReporter -->
<testsuite hostname="FAI-BLR04L1349" ignored="0" name="EmployeesRestApiTest" tests="32" failures="6" timestamp="2020-05-06T00:59:42 IST" time="21.661" errors="0">
  <testcase name="checkContentType" time="0.014" classname="com.sdetrestapi.employee.testCases.TC001_GET_All_EMPLOYEEE"/>
  <testcase name="checkCookies" time="0.003" classname="com.sdetrestapi.employee.testCases.TC001_GET_All_EMPLOYEEE"/>
  <testcase name="checkResponseBody" time="0.096" classname="com.sdetrestapi.employee.testCases.TC001_GET_All_EMPLOYEEE"/>
  <testcase name="checkResponseTime" time="0.008" classname="com.sdetrestapi.employee.testCases.TC001_GET_All_EMPLOYEEE"/>
  <testcase name="checkServerType" time="0.004" classname="com.sdetrestapi.employee.testCases.TC001_GET_All_EMPLOYEEE"/>
  <testcase name="checkStatusCode" time="0.005" classname="com.sdetrestapi.employee.testCases.TC001_GET_All_EMPLOYEEE"/>
  <testcase name="checkcontentEncoding" time="0.003" classname="com.sdetrestapi.employee.testCases.TC001_GET_All_EMPLOYEEE"/>
  <testcase name="checkcontentLenght" time="0.005" classname="com.sdetrestapi.employee.testCases.TC001_GET_All_EMPLOYEEE"/>
  <testcase name="checkstatusLine" time="0.001" classname="com.sdetrestapi.employee.testCases.TC001_GET_All_EMPLOYEEE"/>
  <testcase name="checkContentType" time="0.003" classname="com.sdetrestapi.employee.testCases.TC002_GET_SINGEL_EMPLOYEE">
    <failure type="java.lang.AssertionError" message="expected [application/json;charset=utf-8] but found [text/html;charset=UTF-8]">
      <![CDATA[java.lang.AssertionError: expected [application/json;charset=utf-8] but found [text/html;charset=UTF-8]
at com.sdetrestapi.employee.testCases.TC002_GET_SINGEL_EMPLOYEE.checkContentType(TC002_GET_SINGEL_EMPLOYEE.java:84)
at java.util.ArrayList.forEach(ArrayList.java:1257)
... Removed 32 stack frames]]>
    </failure>
  </testcase> <!-- checkContentType -->
  <testcase name="checkResponseBody" time="0.002" classname="com.sdetrestapi.employee.testCases.TC002_GET_SINGEL_EMPLOYEE"/>
  <testcase name="checkResponseTime" time="0.002" classname="com.sdetrestapi.employee.testCases.TC002_GET_SINGEL_EMPLOYEE"/>
  <testcase name="checkServerType" time="0.003" classname="com.sdetrestapi.employee.testCases.TC002_GET_SINGEL_EMPLOYEE"/>
  <testcase name="checkStatusCode" time="0.001" classname="com.sdetrestapi.employee.testCases.TC002_GET_SINGEL_EMPLOYEE">
    <failure type="java.lang.AssertionError" message="expected [200] but found [404]">
      <![CDATA[java.lang.AssertionError: expected [200] but found [404]
at com.sdetrestapi.employee.testCases.TC002_GET_SINGEL_EMPLOYEE.checkStatusCode(TC002_GET_SINGEL_EMPLOYEE.java:50)
at java.util.ArrayList.forEach(ArrayList.java:1257)
... Removed 32 stack frames]]>
    </failure>
  </testcase> <!-- checkStatusCode -->
  <testcase name="checkcontentEncoding" time="0.002" classname="com.sdetrestapi.employee.testCases.TC002_GET_SINGEL_EMPLOYEE"/>
  <testcase name="checkcontentLenght" time="0.002" classname="com.sdetrestapi.employee.testCases.TC002_GET_SINGEL_EMPLOYEE">
    <failure type="java.lang.NumberFormatException" message="null">
      <![CDATA[java.lang.NumberFormatException: null
at java.lang.Integer.parseInt(Integer.java:542)
at java.lang.Integer.parseInt(Integer.java:615)
at com.sdetrestapi.employee.testCases.TC002_GET_SINGEL_EMPLOYEE.checkcontentLenght(TC002_GET_SINGEL_EMPLOYEE.java:117)
at java.util.ArrayList.forEach(ArrayList.java:1257)
... Removed 27 stack frames]]>
    </failure>
  </testcase> <!-- checkcontentLenght -->
  <testcase name="checkstatusLine" time="0.001" classname="com.sdetrestapi.employee.testCases.TC002_GET_SINGEL_EMPLOYEE">
    <failure type="java.lang.AssertionError" message="expected [HTTP/1.1 200 OK] but found [HTTP/1.1 404 Not Found]">
      <![CDATA[java.lang.AssertionError: expected [HTTP/1.1 200 OK] but found [HTTP/1.1 404 Not Found]
at com.sdetrestapi.employee.testCases.TC002_GET_SINGEL_EMPLOYEE.checkstatusLine(TC002_GET_SINGEL_EMPLOYEE.java:72)
at java.util.ArrayList.forEach(ArrayList.java:1257)
... Removed 32 stack frames]]>
    </failure>
  </testcase> <!-- checkstatusLine -->
  <testcase name="checkContentType" time="0.001" classname="com.sdetrestapi.employee.testCases.TC003_POST_EMPLOYEE_RECORD"/>
  <testcase name="checkResponseBody" time="0.004" classname="com.sdetrestapi.employee.testCases.TC003_POST_EMPLOYEE_RECORD"/>
  <testcase name="checkServerType" time="0.002" classname="com.sdetrestapi.employee.testCases.TC003_POST_EMPLOYEE_RECORD"/>
  <testcase name="checkStatusCode" time="0.001" classname="com.sdetrestapi.employee.testCases.TC003_POST_EMPLOYEE_RECORD"/>
  <testcase name="checkStatusLine" time="0.001" classname="com.sdetrestapi.employee.testCases.TC003_POST_EMPLOYEE_RECORD"/>
  <testcase name="checkContentType" time="0.002" classname="com.sdetrestapi.employee.testCases.TC004_PUT_EMPLOYEE_RECORD"/>
  <testcase name="checkResponseBody" time="0.002" classname="com.sdetrestapi.employee.testCases.TC004_PUT_EMPLOYEE_RECORD">
    <failure type="java.lang.AssertionError" message="expected [true] but found [false]">
      <![CDATA[java.lang.AssertionError: expected [true] but found [false]
at com.sdetrestapi.employee.testCases.TC004_PUT_EMPLOYEE_RECORD.checkResponseBody(TC004_PUT_EMPLOYEE_RECORD.java:59)
at java.util.ArrayList.forEach(ArrayList.java:1257)
... Removed 32 stack frames]]>
    </failure>
  </testcase> <!-- checkResponseBody -->
  <testcase name="checkServerType" time="0.006" classname="com.sdetrestapi.employee.testCases.TC004_PUT_EMPLOYEE_RECORD"/>
  <testcase name="checkStatusCode" time="0.002" classname="com.sdetrestapi.employee.testCases.TC004_PUT_EMPLOYEE_RECORD"/>
  <testcase name="checkStatusLine" time="0.001" classname="com.sdetrestapi.employee.testCases.TC004_PUT_EMPLOYEE_RECORD"/>
  <testcase name="checkContentType" time="0.001" classname="com.sdetrestapi.employee.testCases.TC005_DELETE_EMPLOYEE_RECORD"/>
  <testcase name="checkResponseBody" time="0.002" classname="com.sdetrestapi.employee.testCases.TC005_DELETE_EMPLOYEE_RECORD">
    <failure type="java.lang.AssertionError" message="expected [true] but found [false]">
      <![CDATA[java.lang.AssertionError: expected [true] but found [false]
at com.sdetrestapi.employee.testCases.TC005_DELETE_EMPLOYEE_RECORD.checkResponseBody(TC005_DELETE_EMPLOYEE_RECORD.java:58)
at java.util.ArrayList.forEach(ArrayList.java:1257)
... Removed 32 stack frames]]>
    </failure>
  </testcase> <!-- checkResponseBody -->
  <testcase name="checkServerType" time="0.001" classname="com.sdetrestapi.employee.testCases.TC005_DELETE_EMPLOYEE_RECORD"/>
  <testcase name="checkStatusCode" time="0.002" classname="com.sdetrestapi.employee.testCases.TC005_DELETE_EMPLOYEE_RECORD"/>
  <testcase name="checkStatusLine" time="0.004" classname="com.sdetrestapi.employee.testCases.TC005_DELETE_EMPLOYEE_RECORD"/>
</testsuite> <!-- EmployeesRestApiTest -->
